app/build/outputs/logs/manifest-merger-debug-report.txt
-- Merging decision tree log ---
manifest
ADDED from AndroidManifest.xml:2:1
	package
		ADDED from AndroidManifest.xml:3:5
		INJECTED from AndroidManifest.xml:0:0
		INJECTED from AndroidManifest.xml:0:0
	android:versionName
		ADDED from AndroidManifest.xml:5:5
	android:versionCode
		ADDED from AndroidManifest.xml:4:5
		INJECTED from AndroidManifest.xml:0:0
		INJECTED from AndroidManifest.xml:0:0
	xmlns:android
		ADDED from AndroidManifest.xml:2:11
uses-sdk
ADDED from AndroidManifest.xml:7:5
MERGED from com.android.support:support-v4:22.2.0:20:5
MERGED from com.google.android.gms:play-services:8.3.0:18:5
MERGED from com.google.android.gms:play-services-ads:8.3.0:23:5
MERGED from com.google.android.gms:play-services-basement:8.3.0:18:5
MERGED from com.android.support:support-v4:22.2.0:20:5
MERGED from com.google.android.gms:play-services-analytics:8.3.0:18:5
MERGED from com.google.android.gms:play-services-basement:8.3.0:18:5
MERGED from com.android.support:support-v4:22.2.0:20:5
MERGED from com.google.android.gms:play-services-appindexing:8.3.0:18:5
MERGED from com.google.android.gms:play-services-basement:8.3.0:18:5
MERGED from com.android.support:support-v4:22.2.0:20:5
MERGED from com.google.android.gms:play-services-appinvite:8.3.0:18:5
MERGED from com.google.android.gms:play-services-base:8.3.0:18:5
MERGED from com.google.android.gms:play-services-basement:8.3.0:18:5
MERGED from com.android.support:support-v4:22.2.0:20:5
MERGED from com.google.android.gms:play-services-appstate:8.3.0:18:5
MERGED from com.google.android.gms:play-services-base:8.3.0:18:5
MERGED from com.google.android.gms:play-services-basement:8.3.0:18:5
MERGED from com.android.support:support-v4:22.2.0:20:5
MERGED from com.google.android.gms:play-services-auth:8.3.0:18:5
MERGED from com.google.android.gms:play-services-base:8.3.0:18:5
MERGED from com.google.android.gms:play-services-basement:8.3.0:18:5
MERGED from com.android.support:support-v4:22.2.0:20:5
MERGED from com.google.android.gms:play-services-base:8.3.0:18:5
MERGED from com.google.android.gms:play-services-basement:8.3.0:18:5
MERGED from com.android.support:support-v4:22.2.0:20:5
MERGED from com.google.android.gms:play-services-basement:8.3.0:18:5
MERGED from com.android.support:support-v4:22.2.0:20:5
MERGED from com.google.android.gms:play-services-cast:8.3.0:18:5
MERGED from com.google.android.gms:play-services-base:8.3.0:18:5
MERGED from com.google.android.gms:play-services-basement:8.3.0:18:5
MERGED from com.android.support:support-v4:22.2.0:20:5
MERGED from com.android.support:mediarouter-v7:22.2.0:20:5
MERGED from com.android.support:appcompat-v7:22.2.0:20:5
MERGED from com.android.support:support-v4:22.2.0:20:5
MERGED from com.google.android.gms:play-services-drive:8.3.0:18:5
MERGED from com.google.android.gms:play-services-base:8.3.0:18:5
MERGED from com.google.android.gms:play-services-basement:8.3.0:18:5
MERGED from com.android.support:support-v4:22.2.0:20:5
MERGED from com.google.android.gms:play-services-fitness:8.3.0:18:5
MERGED from com.google.android.gms:play-services-base:8.3.0:18:5
MERGED from com.google.android.gms:play-services-basement:8.3.0:18:5
MERGED from com.android.support:support-v4:22.2.0:20:5
MERGED from com.google.android.gms:play-services-location:8.3.0:18:5
MERGED from com.google.android.gms:play-services-base:8.3.0:18:5
MERGED from com.google.android.gms:play-services-basement:8.3.0:18:5
MERGED from com.android.support:support-v4:22.2.0:20:5
MERGED from com.google.android.gms:play-services-maps:8.3.0:26:5
MERGED from com.google.android.gms:play-services-base:8.3.0:18:5
MERGED from com.google.android.gms:play-services-basement:8.3.0:18:5
MERGED from com.android.support:support-v4:22.2.0:20:5
MERGED from com.google.android.gms:play-services-games:8.3.0:18:5
MERGED from com.google.android.gms:play-services-base:8.3.0:18:5
MERGED from com.google.android.gms:play-services-basement:8.3.0:18:5
MERGED from com.android.support:support-v4:22.2.0:20:5
MERGED from com.google.android.gms:play-services-drive:8.3.0:18:5
MERGED from com.google.android.gms:play-services-base:8.3.0:18:5
MERGED from com.google.android.gms:play-services-basement:8.3.0:18:5
MERGED from com.android.support:support-v4:22.2.0:20:5
MERGED from com.google.android.gms:play-services-gcm:8.3.0:18:5
MERGED from com.google.android.gms:play-services-base:8.3.0:18:5
MERGED from com.google.android.gms:play-services-basement:8.3.0:18:5
MERGED from com.android.support:support-v4:22.2.0:20:5
MERGED from com.google.android.gms:play-services-measurement:8.3.0:18:5
MERGED from com.google.android.gms:play-services-basement:8.3.0:18:5
MERGED from com.android.support:support-v4:22.2.0:20:5
MERGED from com.google.android.gms:play-services-identity:8.3.0:18:5
MERGED from com.google.android.gms:play-services-base:8.3.0:18:5
MERGED from com.google.android.gms:play-services-basement:8.3.0:18:5
MERGED from com.android.support:support-v4:22.2.0:20:5
MERGED from com.google.android.gms:play-services-location:8.3.0:18:5
MERGED from com.google.android.gms:play-services-base:8.3.0:18:5
MERGED from com.google.android.gms:play-services-basement:8.3.0:18:5
MERGED from com.android.support:support-v4:22.2.0:20:5
MERGED from com.google.android.gms:play-services-maps:8.3.0:26:5
MERGED from com.google.android.gms:play-services-base:8.3.0:18:5
MERGED from com.google.android.gms:play-services-basement:8.3.0:18:5
MERGED from com.android.support:support-v4:22.2.0:20:5
MERGED from com.google.android.gms:play-services-maps:8.3.0:26:5
MERGED from com.google.android.gms:play-services-base:8.3.0:18:5
MERGED from com.google.android.gms:play-services-basement:8.3.0:18:5
MERGED from com.android.support:support-v4:22.2.0:20:5
MERGED from com.google.android.gms:play-services-measurement:8.3.0:18:5
MERGED from com.google.android.gms:play-services-basement:8.3.0:18:5
MERGED from com.android.support:support-v4:22.2.0:20:5
MERGED from com.google.android.gms:play-services-nearby:8.3.0:18:5
MERGED from com.google.android.gms:play-services-base:8.3.0:18:5
MERGED from com.google.android.gms:play-services-basement:8.3.0:18:5
MERGED from com.android.support:support-v4:22.2.0:20:5
MERGED from com.google.android.gms:play-services-panorama:8.3.0:18:5
MERGED from com.google.android.gms:play-services-base:8.3.0:18:5
MERGED from com.google.android.gms:play-services-basement:8.3.0:18:5
MERGED from com.android.support:support-v4:22.2.0:20:5
MERGED from com.google.android.gms:play-services-plus:8.3.0:18:5
MERGED from com.google.android.gms:play-services-base:8.3.0:18:5
MERGED from com.google.android.gms:play-services-basement:8.3.0:18:5
MERGED from com.android.support:support-v4:22.2.0:20:5
MERGED from com.google.android.gms:play-services-safetynet:8.3.0:18:5
MERGED from com.google.android.gms:play-services-base:8.3.0:18:5
MERGED from com.google.android.gms:play-services-basement:8.3.0:18:5
MERGED from com.android.support:support-v4:22.2.0:20:5
MERGED from com.google.android.gms:play-services-vision:8.3.0:4:5
MERGED from com.google.android.gms:play-services-base:8.3.0:18:5
MERGED from com.google.android.gms:play-services-basement:8.3.0:18:5
MERGED from com.android.support:support-v4:22.2.0:20:5
MERGED from com.google.android.gms:play-services-wallet:8.3.0:19:5
MERGED from com.google.android.gms:play-services-base:8.3.0:18:5
MERGED from com.google.android.gms:play-services-basement:8.3.0:18:5
MERGED from com.android.support:support-v4:22.2.0:20:5
MERGED from com.google.android.gms:play-services-identity:8.3.0:18:5
MERGED from com.google.android.gms:play-services-base:8.3.0:18:5
MERGED from com.google.android.gms:play-services-basement:8.3.0:18:5
MERGED from com.android.support:support-v4:22.2.0:20:5
MERGED from com.google.android.gms:play-services-maps:8.3.0:26:5
MERGED from com.google.android.gms:play-services-base:8.3.0:18:5
MERGED from com.google.android.gms:play-services-basement:8.3.0:18:5
MERGED from com.android.support:support-v4:22.2.0:20:5
MERGED from com.google.android.gms:play-services-wearable:8.3.0:18:5
MERGED from com.google.android.gms:play-services-base:8.3.0:18:5
MERGED from com.google.android.gms:play-services-basement:8.3.0:18:5
MERGED from com.android.support:support-v4:22.2.0:20:5
	android:targetSdkVersion
		ADDED from AndroidManifest.xml:9:9
		INJECTED from AndroidManifest.xml:0:0
		INJECTED from AndroidManifest.xml:0:0
	android:minSdkVersion
		ADDED from AndroidManifest.xml:8:9
		INJECTED from AndroidManifest.xml:0:0
		INJECTED from AndroidManifest.xml:0:0
uses-permission#android.permission.CHANGE_WIFI_MULTICAST_STATE
ADDED from AndroidManifest.xml:11:5
	android:name
		ADDED from AndroidManifest.xml:11:22
uses-permission#android.permission.INTERNET
ADDED from AndroidManifest.xml:12:5
MERGED from com.google.android.gms:play-services-ads:8.3.0:20:5
MERGED from com.google.android.gms:play-services-analytics:8.3.0:21:5
MERGED from com.google.android.gms:play-services-appinvite:8.3.0:19:5
MERGED from com.google.android.gms:play-services-maps:8.3.0:21:5
MERGED from com.google.android.gms:play-services-gcm:8.3.0:22:5
MERGED from com.google.android.gms:play-services-measurement:8.3.0:21:5
MERGED from com.google.android.gms:play-services-maps:8.3.0:21:5
MERGED from com.google.android.gms:play-services-maps:8.3.0:21:5
MERGED from com.google.android.gms:play-services-measurement:8.3.0:21:5
MERGED from com.google.android.gms:play-services-wallet:8.3.0:20:5
MERGED from com.google.android.gms:play-services-maps:8.3.0:21:5
	android:name
		ADDED from AndroidManifest.xml:12:22
uses-permission#android.permission.ACCESS_WIFI_STATE
ADDED from AndroidManifest.xml:13:5
	android:name
		ADDED from AndroidManifest.xml:13:22
uses-permission#android.permission.CHANGE_WIFI_STATE
ADDED from AndroidManifest.xml:14:5
	android:name
		ADDED from AndroidManifest.xml:14:22
uses-permission#android.permission.CHANGE_NETWORK_STATE
ADDED from AndroidManifest.xml:15:5
	android:name
		ADDED from AndroidManifest.xml:15:22
uses-permission#android.permission.ACCESS_NETWORK_STATE
ADDED from AndroidManifest.xml:16:5
MERGED from com.google.android.gms:play-services-ads:8.3.0:21:5
MERGED from com.google.android.gms:play-services-analytics:8.3.0:22:5
MERGED from com.google.android.gms:play-services-maps:8.3.0:20:5
MERGED from com.google.android.gms:play-services-measurement:8.3.0:22:5
MERGED from com.google.android.gms:play-services-maps:8.3.0:20:5
MERGED from com.google.android.gms:play-services-maps:8.3.0:20:5
MERGED from com.google.android.gms:play-services-measurement:8.3.0:22:5
MERGED from com.google.android.gms:play-services-nearby:8.3.0:19:5
MERGED from com.google.android.gms:play-services-maps:8.3.0:20:5
	android:name
		ADDED from AndroidManifest.xml:16:22
uses-permission#android.permission.WRITE_SETTINGS
ADDED from AndroidManifest.xml:17:5
	android:name
		ADDED from AndroidManifest.xml:17:22
uses-permission#android.permission.WRITE_EXTERNAL_STORAGE
ADDED from AndroidManifest.xml:18:5
	android:name
		ADDED from AndroidManifest.xml:18:22
uses-permission#android.permission.VIBRATE
ADDED from AndroidManifest.xml:19:5
	android:name
		ADDED from AndroidManifest.xml:19:22
uses-permission#com.android.alarm.permission.SET_ALARM
ADDED from AndroidManifest.xml:20:5
	android:name
		ADDED from AndroidManifest.xml:20:22
uses-permission#android.permission.ACCESS_FINE_LOCATION
ADDED from AndroidManifest.xml:22:5
	android:name
		ADDED from AndroidManifest.xml:22:22
uses-permission#android.permission.ACCESS_COARSE_LOCATION
ADDED from AndroidManifest.xml:23:5
	android:name
		ADDED from AndroidManifest.xml:23:22
uses-permission#android.permission.WAKE_LOCK
ADDED from AndroidManifest.xml:26:5
MERGED from com.google.android.gms:play-services-measurement:8.3.0:24:5
MERGED from com.google.android.gms:play-services-measurement:8.3.0:24:5
	android:name
		ADDED from AndroidManifest.xml:26:22
uses-permission#com.google.android.c2dm.permission.RECEIVE
ADDED from AndroidManifest.xml:27:5
MERGED from com.google.android.gms:play-services-gcm:8.3.0:21:5
	android:name
		ADDED from AndroidManifest.xml:27:22
uses-permission#android.permission.READ_LOGS
ADDED from AndroidManifest.xml:28:5
	android:name
		ADDED from AndroidManifest.xml:28:22
permission#com.example.gcm.permission.C2D_MESSAGE
ADDED from AndroidManifest.xml:30:5
	android:protectionLevel
		ADDED from AndroidManifest.xml:32:9
	android:name
		ADDED from AndroidManifest.xml:31:9
uses-permission#com.example.gcm.permission.C2D_MESSAGE
ADDED from AndroidManifest.xml:34:5
	android:name
		ADDED from AndroidManifest.xml:34:22
application
ADDED from AndroidManifest.xml:36:5
MERGED from com.android.support:support-v4:22.2.0:22:5
MERGED from com.google.android.gms:play-services:8.3.0:19:5
MERGED from com.google.android.gms:play-services-ads:8.3.0:24:5
MERGED from com.google.android.gms:play-services-basement:8.3.0:20:5
MERGED from com.android.support:support-v4:22.2.0:22:5
MERGED from com.google.android.gms:play-services-analytics:8.3.0:24:5
MERGED from com.google.android.gms:play-services-basement:8.3.0:20:5
MERGED from com.android.support:support-v4:22.2.0:22:5
MERGED from com.google.android.gms:play-services-appindexing:8.3.0:19:5
MERGED from com.google.android.gms:play-services-basement:8.3.0:20:5
MERGED from com.android.support:support-v4:22.2.0:22:5
MERGED from com.google.android.gms:play-services-appinvite:8.3.0:20:5
MERGED from com.google.android.gms:play-services-basement:8.3.0:20:5
MERGED from com.android.support:support-v4:22.2.0:22:5
MERGED from com.google.android.gms:play-services-appstate:8.3.0:19:5
MERGED from com.google.android.gms:play-services-basement:8.3.0:20:5
MERGED from com.android.support:support-v4:22.2.0:22:5
MERGED from com.google.android.gms:play-services-auth:8.3.0:20:5
MERGED from com.google.android.gms:play-services-basement:8.3.0:20:5
MERGED from com.android.support:support-v4:22.2.0:22:5
MERGED from com.google.android.gms:play-services-basement:8.3.0:20:5
MERGED from com.android.support:support-v4:22.2.0:22:5
MERGED from com.google.android.gms:play-services-basement:8.3.0:20:5
MERGED from com.android.support:support-v4:22.2.0:22:5
MERGED from com.google.android.gms:play-services-cast:8.3.0:19:5
MERGED from com.google.android.gms:play-services-basement:8.3.0:20:5
MERGED from com.android.support:support-v4:22.2.0:22:5
MERGED from com.android.support:mediarouter-v7:22.2.0:22:5
MERGED from com.android.support:appcompat-v7:22.2.0:22:5
MERGED from com.android.support:support-v4:22.2.0:22:5
MERGED from com.google.android.gms:play-services-drive:8.3.0:19:5
MERGED from com.google.android.gms:play-services-basement:8.3.0:20:5
MERGED from com.android.support:support-v4:22.2.0:22:5
MERGED from com.google.android.gms:play-services-fitness:8.3.0:19:5
MERGED from com.google.android.gms:play-services-basement:8.3.0:20:5
MERGED from com.android.support:support-v4:22.2.0:22:5
MERGED from com.google.android.gms:play-services-location:8.3.0:19:5
MERGED from com.google.android.gms:play-services-basement:8.3.0:20:5
MERGED from com.android.support:support-v4:22.2.0:22:5
MERGED from com.google.android.gms:play-services-maps:8.3.0:27:5
MERGED from com.google.android.gms:play-services-basement:8.3.0:20:5
MERGED from com.android.support:support-v4:22.2.0:22:5
MERGED from com.google.android.gms:play-services-games:8.3.0:19:5
MERGED from com.google.android.gms:play-services-basement:8.3.0:20:5
MERGED from com.android.support:support-v4:22.2.0:22:5
MERGED from com.google.android.gms:play-services-drive:8.3.0:19:5
MERGED from com.google.android.gms:play-services-basement:8.3.0:20:5
MERGED from com.android.support:support-v4:22.2.0:22:5
MERGED from com.google.android.gms:play-services-gcm:8.3.0:24:5
MERGED from com.google.android.gms:play-services-basement:8.3.0:20:5
MERGED from com.android.support:support-v4:22.2.0:22:5
MERGED from com.google.android.gms:play-services-measurement:8.3.0:26:5
MERGED from com.google.android.gms:play-services-basement:8.3.0:20:5
MERGED from com.android.support:support-v4:22.2.0:22:5
MERGED from com.google.android.gms:play-services-identity:8.3.0:19:5
MERGED from com.google.android.gms:play-services-basement:8.3.0:20:5
MERGED from com.android.support:support-v4:22.2.0:22:5
MERGED from com.google.android.gms:play-services-location:8.3.0:19:5
MERGED from com.google.android.gms:play-services-basement:8.3.0:20:5
MERGED from com.android.support:support-v4:22.2.0:22:5
MERGED from com.google.android.gms:play-services-maps:8.3.0:27:5
MERGED from com.google.android.gms:play-services-basement:8.3.0:20:5
MERGED from com.android.support:support-v4:22.2.0:22:5
MERGED from com.google.android.gms:play-services-maps:8.3.0:27:5
MERGED from com.google.android.gms:play-services-basement:8.3.0:20:5
MERGED from com.android.support:support-v4:22.2.0:22:5
MERGED from com.google.android.gms:play-services-measurement:8.3.0:26:5
MERGED from com.google.android.gms:play-services-basement:8.3.0:20:5
MERGED from com.android.support:support-v4:22.2.0:22:5
MERGED from com.google.android.gms:play-services-nearby:8.3.0:20:5
MERGED from com.google.android.gms:play-services-basement:8.3.0:20:5
MERGED from com.android.support:support-v4:22.2.0:22:5
MERGED from com.google.android.gms:play-services-panorama:8.3.0:19:5
MERGED from com.google.android.gms:play-services-basement:8.3.0:20:5
MERGED from com.android.support:support-v4:22.2.0:22:5
MERGED from com.google.android.gms:play-services-plus:8.3.0:19:5
MERGED from com.google.android.gms:play-services-basement:8.3.0:20:5
MERGED from com.android.support:support-v4:22.2.0:22:5
MERGED from com.google.android.gms:play-services-safetynet:8.3.0:19:5
MERGED from com.google.android.gms:play-services-basement:8.3.0:20:5
MERGED from com.android.support:support-v4:22.2.0:22:5
MERGED from com.google.android.gms:play-services-vision:8.3.0:5:5
MERGED from com.google.android.gms:play-services-basement:8.3.0:20:5
MERGED from com.android.support:support-v4:22.2.0:22:5
MERGED from com.google.android.gms:play-services-basement:8.3.0:20:5
MERGED from com.android.support:support-v4:22.2.0:22:5
MERGED from com.google.android.gms:play-services-identity:8.3.0:19:5
MERGED from com.google.android.gms:play-services-basement:8.3.0:20:5
MERGED from com.android.support:support-v4:22.2.0:22:5
MERGED from com.google.android.gms:play-services-maps:8.3.0:27:5
MERGED from com.google.android.gms:play-services-basement:8.3.0:20:5
MERGED from com.android.support:support-v4:22.2.0:22:5
MERGED from com.google.android.gms:play-services-wearable:8.3.0:19:5
MERGED from com.google.android.gms:play-services-basement:8.3.0:20:5
MERGED from com.android.support:support-v4:22.2.0:22:5
	android:label
		ADDED from AndroidManifest.xml:39:9
	android:allowBackup
		ADDED from AndroidManifest.xml:37:9
	android:icon
		ADDED from AndroidManifest.xml:38:9
	android:theme
		ADDED from AndroidManifest.xml:40:9
meta-data#com.google.android.gms.version
ADDED from AndroidManifest.xml:43:9
MERGED from com.google.android.gms:play-services-basement:8.3.0:21:9
MERGED from com.google.android.gms:play-services-basement:8.3.0:21:9
MERGED from com.google.android.gms:play-services-basement:8.3.0:21:9
MERGED from com.google.android.gms:play-services-basement:8.3.0:21:9
MERGED from com.google.android.gms:play-services-basement:8.3.0:21:9
MERGED from com.google.android.gms:play-services-basement:8.3.0:21:9
MERGED from com.google.android.gms:play-services-basement:8.3.0:21:9
MERGED from com.google.android.gms:play-services-basement:8.3.0:21:9
MERGED from com.google.android.gms:play-services-basement:8.3.0:21:9
MERGED from com.google.android.gms:play-services-basement:8.3.0:21:9
MERGED from com.google.android.gms:play-services-basement:8.3.0:21:9
MERGED from com.google.android.gms:play-services-basement:8.3.0:21:9
MERGED from com.google.android.gms:play-services-basement:8.3.0:21:9
MERGED from com.google.android.gms:play-services-basement:8.3.0:21:9
MERGED from com.google.android.gms:play-services-basement:8.3.0:21:9
MERGED from com.google.android.gms:play-services-basement:8.3.0:21:9
MERGED from com.google.android.gms:play-services-basement:8.3.0:21:9
MERGED from com.google.android.gms:play-services-basement:8.3.0:21:9
MERGED from com.google.android.gms:play-services-basement:8.3.0:21:9
MERGED from com.google.android.gms:play-services-basement:8.3.0:21:9
MERGED from com.google.android.gms:play-services-basement:8.3.0:21:9
MERGED from com.google.android.gms:play-services-basement:8.3.0:21:9
MERGED from com.google.android.gms:play-services-basement:8.3.0:21:9
MERGED from com.google.android.gms:play-services-basement:8.3.0:21:9
MERGED from com.google.android.gms:play-services-basement:8.3.0:21:9
MERGED from com.google.android.gms:play-services-basement:8.3.0:21:9
MERGED from com.google.android.gms:play-services-basement:8.3.0:21:9
MERGED from com.google.android.gms:play-services-basement:8.3.0:21:9
MERGED from com.google.android.gms:play-services-basement:8.3.0:21:9
MERGED from com.google.android.gms:play-services-basement:8.3.0:21:9
MERGED from com.google.android.gms:play-services-basement:8.3.0:21:9
	android:value
		ADDED from AndroidManifest.xml:45:13
	android:name
		ADDED from AndroidManifest.xml:44:13
activity#find.service.gcm.DemoActivity
ADDED from AndroidManifest.xml:47:9
	android:label
		ADDED from AndroidManifest.xml:51:13
	android:launchMode
		ADDED from AndroidManifest.xml:52:13
	android:exported
		ADDED from AndroidManifest.xml:49:13
	android:icon
		ADDED from AndroidManifest.xml:50:13
	android:name
		ADDED from AndroidManifest.xml:48:13
activity#find.service.gcm.SplashScreen
ADDED from AndroidManifest.xml:54:9
	android:label
		ADDED from AndroidManifest.xml:56:13
	android:name
		ADDED from AndroidManifest.xml:55:13
intent-filter#android.intent.action.MAIN+android.intent.category.DEFAULT+android.intent.category.LAUNCHER
ADDED from AndroidManifest.xml:57:13
action#android.intent.action.MAIN
ADDED from AndroidManifest.xml:58:17
	android:name
		ADDED from AndroidManifest.xml:58:25
category#android.intent.category.DEFAULT
ADDED from AndroidManifest.xml:60:17
	android:name
		ADDED from AndroidManifest.xml:60:27
category#android.intent.category.LAUNCHER
ADDED from AndroidManifest.xml:61:17
	android:name
		ADDED from AndroidManifest.xml:61:27
activity#find.service.gcm.AssociationActivity
ADDED from AndroidManifest.xml:64:9
	android:label
		ADDED from AndroidManifest.xml:66:13
	android:theme
		ADDED from AndroidManifest.xml:67:13
	android:name
		ADDED from AndroidManifest.xml:65:13
activity#find.service.AndroidDatabaseManager
ADDED from AndroidManifest.xml:70:9
	android:theme
		ADDED from AndroidManifest.xml:71:13
	android:name
		ADDED from AndroidManifest.xml:70:19
receiver#find.service.gcm.GcmBroadcastReceiver
ADDED from AndroidManifest.xml:79:9
	android:exported
		ADDED from AndroidManifest.xml:81:13
	android:permission
		ADDED from AndroidManifest.xml:82:13
	android:name
		ADDED from AndroidManifest.xml:80:13
intent-filter#com.google.android.c2dm.intent.RECEIVE+com.google.android.gcm.demo.app
ADDED from AndroidManifest.xml:83:13
action#com.google.android.c2dm.intent.RECEIVE
ADDED from AndroidManifest.xml:86:17
	android:name
		ADDED from AndroidManifest.xml:86:25
category#com.google.android.gcm.demo.app
ADDED from AndroidManifest.xml:88:17
	android:name
		ADDED from AndroidManifest.xml:88:27
service#find.service.GcmIntentService
ADDED from AndroidManifest.xml:92:9
	android:name
		ADDED from AndroidManifest.xml:92:18
receiver#find.service.gcm.ScheduleService
ADDED from AndroidManifest.xml:94:9
	android:exported
		ADDED from AndroidManifest.xml:96:13
	android:permission
		ADDED from AndroidManifest.xml:97:13
	android:name
		ADDED from AndroidManifest.xml:95:13
intent-filter#startAlarm+stopAlarm
ADDED from AndroidManifest.xml:98:13
action#startAlarm
ADDED from AndroidManifest.xml:99:17
	android:name
		ADDED from AndroidManifest.xml:99:25
action#stopAlarm
ADDED from AndroidManifest.xml:100:17
	android:name
		ADDED from AndroidManifest.xml:100:25
provider#find.service.net.diogomarques.wifioppish.MessagesProvider
ADDED from AndroidManifest.xml:105:9
	android:authorities
		ADDED from AndroidManifest.xml:107:13
	android:exported
		ADDED from AndroidManifest.xml:108:13
	android:name
		ADDED from AndroidManifest.xml:106:13
service#find.service.net.diogomarques.wifioppish.service.LOSTService
ADDED from AndroidManifest.xml:112:9
	android:enabled
		ADDED from AndroidManifest.xml:114:13
	android:exported
		ADDED from AndroidManifest.xml:115:13
	android:name
		ADDED from AndroidManifest.xml:113:13
activity#com.google.android.gms.ads.AdActivity
ADDED from com.google.android.gms:play-services-ads:8.3.0:26:9
	android:configChanges
		ADDED from com.google.android.gms:play-services-ads:8.3.0:28:13
	android:theme
		ADDED from com.google.android.gms:play-services-ads:8.3.0:29:13
	android:name
		ADDED from com.google.android.gms:play-services-ads:8.3.0:27:13
activity#com.google.android.gms.ads.purchase.InAppPurchaseActivity
ADDED from com.google.android.gms:play-services-ads:8.3.0:30:9
	android:theme
		ADDED from com.google.android.gms:play-services-ads:8.3.0:31:13
	android:name
		ADDED from com.google.android.gms:play-services-ads:8.3.0:30:19
activity#com.google.android.gms.auth.api.signin.internal.SignInHubActivity
ADDED from com.google.android.gms:play-services-auth:8.3.0:21:9
	android:excludeFromRecents
		ADDED from com.google.android.gms:play-services-auth:8.3.0:23:19
	android:exported
		ADDED from com.google.android.gms:play-services-auth:8.3.0:24:19
	android:theme
		ADDED from com.google.android.gms:play-services-auth:8.3.0:22:19
	android:name
		ADDED from com.google.android.gms:play-services-auth:8.3.0:21:19
uses-feature#0x00020000
ADDED from com.google.android.gms:play-services-maps:8.3.0:22:5
MERGED from com.google.android.gms:play-services-maps:8.3.0:22:5
MERGED from com.google.android.gms:play-services-maps:8.3.0:22:5
MERGED from com.google.android.gms:play-services-maps:8.3.0:22:5
	android:glEsVersion
		ADDED from com.google.android.gms:play-services-maps:8.3.0:23:8
	android:required
		ADDED from com.google.android.gms:play-services-maps:8.3.0:24:8
provider#com.google.android.gms.measurement.AppMeasurementContentProvider
ADDED from com.google.android.gms:play-services-measurement:8.3.0:28:7
MERGED from com.google.android.gms:play-services-measurement:8.3.0:28:7
	android:authorities
		ADDED from com.google.android.gms:play-services-measurement:8.3.0:29:11
	android:exported
		ADDED from com.google.android.gms:play-services-measurement:8.3.0:31:11
	android:name
		ADDED from com.google.android.gms:play-services-measurement:8.3.0:30:11
receiver#com.google.android.gms.measurement.AppMeasurementReceiver
ADDED from com.google.android.gms:play-services-measurement:8.3.0:33:7
MERGED from com.google.android.gms:play-services-measurement:8.3.0:33:7
	android:enabled
		ADDED from com.google.android.gms:play-services-measurement:8.3.0:35:11
	android:name
		ADDED from com.google.android.gms:play-services-measurement:8.3.0:34:11
intent-filter#com.google.android.gms.measurement.UPLOAD
ADDED from com.google.android.gms:play-services-measurement:8.3.0:36:9
action#com.google.android.gms.measurement.UPLOAD
ADDED from com.google.android.gms:play-services-measurement:8.3.0:37:11
	android:name
		ADDED from com.google.android.gms:play-services-measurement:8.3.0:37:19
service#com.google.android.gms.measurement.AppMeasurementService
ADDED from com.google.android.gms:play-services-measurement:8.3.0:41:7
MERGED from com.google.android.gms:play-services-measurement:8.3.0:41:7
	android:enabled
		ADDED from com.google.android.gms:play-services-measurement:8.3.0:43:11
	android:exported
		ADDED from com.google.android.gms:play-services-measurement:8.3.0:44:11
	android:name
		ADDED from com.google.android.gms:play-services-measurement:8.3.0:42:11
uses-permission#android.permission.GET_ACCOUNTS
ADDED from com.google.android.gms:play-services-wallet:8.3.0:21:5
	android:name
		ADDED from com.google.android.gms:play-services-wallet:8.3.0:21:22
uses-permission#android.permission.USE_CREDENTIALS
ADDED from com.google.android.gms:play-services-wallet:8.3.0:22:5
	android:name
		ADDED from com.google.android.gms:play-services-wallet:8.3.0:22:22